\BOOKMARK [1][-]{section.1}{Introduction}{}% 1
\BOOKMARK [1][-]{section.2}{Distributionally Robust Games}{}% 2
\BOOKMARK [2][-]{subsection.2.1}{Introduction}{section.2}% 3
\BOOKMARK [3][-]{subsubsection.2.1.1}{Distribution Uncertainty Set}{subsection.2.1}% 4
\BOOKMARK [3][-]{subsubsection.2.1.2}{Related Work}{subsection.2.1}% 5
\BOOKMARK [2][-]{subsection.2.2}{Problem Formulation}{section.2}% 6
\BOOKMARK [2][-]{subsection.2.3}{Minimax Robust Game}{section.2}% 7
\BOOKMARK [3][-]{subsubsection.2.3.1}{Infinite Dimension}{subsection.2.3}% 8
\BOOKMARK [3][-]{subsubsection.2.3.2}{Triality Theory}{subsection.2.3}% 9
\BOOKMARK [3][-]{subsubsection.2.3.3}{Dimension Reduction}{subsection.2.3}% 10
\BOOKMARK [2][-]{subsection.2.4}{Case Study: Unsupervised Generative Learning}{section.2}% 11
\BOOKMARK [1][-]{section.3}{Wasserstein Metric}{}% 12
\BOOKMARK [2][-]{subsection.3.1}{Introduction}{section.3}% 13
\BOOKMARK [3][-]{subsubsection.3.1.1}{Optimal Transportation Problem}{subsection.3.1}% 14
\BOOKMARK [2][-]{subsection.3.2}{From KL divergence to Wasserstein Metric}{section.3}% 15
\BOOKMARK [2][-]{subsection.3.3}{Dynamic Optimal Transport}{section.3}% 16
\BOOKMARK [2][-]{subsection.3.4}{Case Study: A Toy Example}{section.3}% 17
\BOOKMARK [1][-]{section.4}{Learning Algorithms}{}% 18
\BOOKMARK [2][-]{subsection.4.1}{Distributionally Robust Optimization}{section.4}% 19
\BOOKMARK [2][-]{subsection.4.2}{Numerical Investigation}{section.4}% 20
\BOOKMARK [2][-]{subsection.4.3}{Train a Deep Generative Model}{section.4}% 21
\BOOKMARK [2][-]{subsection.4.4}{Case Study: Unsupervised Learning for Clustering}{section.4}% 22
\BOOKMARK [2][-]{subsection.4.5}{Case Study: Generative Modeling for Image Synthesis}{section.4}% 23
\BOOKMARK [1][-]{section.5}{Style Transfer as a Minimax Game}{}% 24
\BOOKMARK [2][-]{subsection.5.1}{Introduction}{section.5}% 25
\BOOKMARK [2][-]{subsection.5.2}{Motivation}{section.5}% 26
\BOOKMARK [2][-]{subsection.5.3}{Related Work}{section.5}% 27
\BOOKMARK [2][-]{subsection.5.4}{Method}{section.5}% 28
\BOOKMARK [3][-]{subsubsection.5.4.1}{Two-domain transformation}{subsection.5.4}% 29
\BOOKMARK [3][-]{subsubsection.5.4.2}{Multi-domain transformation}{subsection.5.4}% 30
\BOOKMARK [2][-]{subsection.5.5}{Case Study: Image Style Transfer}{section.5}% 31
\BOOKMARK [2][-]{subsection.5.6}{Case Study: Emotional Voice Conversion}{section.5}% 32
\BOOKMARK [1][-]{section.6}{Dissertation Outline and Research Timeline}{}% 33
\BOOKMARK [2][-]{subsection.6.1}{Dissertation Outline}{section.6}% 34
\BOOKMARK [2][-]{subsection.6.2}{Research Timeline}{section.6}% 35
\BOOKMARK [1][-]{section.7}{Conclusion}{}% 36
\BOOKMARK [1][-]{section.8}{List of Publications}{}% 37
\BOOKMARK [2][-]{subsection.8.1}{Thesis Related Publications}{section.8}% 38
\BOOKMARK [2][-]{subsection.8.2}{Other Publications}{section.8}% 39
